Failed to initialize Firebase: [Errno 2] No such file or directory: 'C:\\Users\\leeji\\OneDrive\\Desktop\\Web_Week11-main\\library-management-8a03f-firebase-adminsdk-fbsvc-bb3b748e15.json'
Error in home view: [Errno 2] No such file or directory: 'C:\\Users\\leeji\\OneDrive\\Desktop\\Web_Week11-main\\library-management-8a03f-firebase-adminsdk-fbsvc-bb3b748e15.json'
Failed to initialize Firebase: [Errno 2] No such file or directory: 'C:\\Users\\leeji\\OneDrive\\Desktop\\Web_Week11-main\\library-management-8a03f-firebase-adminsdk-fbsvc-bb3b748e15.json'
Failed to initialize Firebase: [Errno 2] No such file or directory: 'C:\\Users\\leeji\\OneDrive\\Desktop\\Web_Week11-main\\library-management-8a03f-firebase-adminsdk-fbsvc-bb3b748e15.json'
Error in home view: [Errno 2] No such file or directory: 'C:\\Users\\leeji\\OneDrive\\Desktop\\Web_Week11-main\\library-management-8a03f-firebase-adminsdk-fbsvc-bb3b748e15.json'
Failed to initialize Firebase: [Errno 2] No such file or directory: 'C:\\Users\\leeji\\OneDrive\\Desktop\\Web_Week11-main\\library-management-8a03f-firebase-adminsdk-fbsvc-bb3b748e15.json'
Firebase initialized successfully
Firebase initialized successfully
Retrieved 13 books from database
Retrieved 13 books from database
Retrieved 13 books from database
Retrieved 13 books from database
Book created successfully: Lee
Retrieved 14 books from database
Retrieved 14 books from database
Retrieved 14 books from database
Retrieved 14 books from database
Retrieved 14 books from database
Retrieved 14 books from database
Retrieved 14 books from database
Retrieved 14 books from database
Retrieved 14 books from database
Retrieved 14 books from database
Retrieved 14 books from database
Retrieved 14 books from database
Retrieved 14 books from database
Retrieved 14 books from database
Retrieved 14 books from database
Retrieved 14 books from database
Retrieved 14 books from database
Retrieved 14 books from database
Book retrieved: Bird
Book retrieved: Pride and Prejudice
Retrieved 14 books from database
Retrieved 14 books from database
Retrieved 14 books from database
Retrieved 14 books from database
Retrieved 14 books from database
Retrieved 14 books from database
Book retrieved: 1984
Book retrieved: 1984
Book deleted successfully: PjL6AHNnPFiis17Z9vlY
Retrieved 13 books from database
Book retrieved: Pride and Prejudice
Book retrieved: Pride and Prejudice
Book deleted successfully: 1gV3SQqM6OGmV5xmxjPR
Retrieved 12 books from database
Retrieved 12 books from database
Retrieved 12 books from database
Retrieved 12 books from database
Retrieved 12 books from database
Book created successfully: TEST
Retrieved 13 books from database
Retrieved 13 books from database
Retrieved 13 books from database
Retrieved 13 books from database
Retrieved 13 books from database
Retrieved 13 books from database
Retrieved 13 books from database
Retrieved 13 books from database
Retrieved 13 books from database
Book created successfully: Test2
Retrieved 14 books from database
Book retrieved: TEST
Book retrieved: TEST
Book deleted successfully: LR8OWO5vz6eV2jTRONM9
Retrieved 13 books from database
Retrieved 13 books from database
Retrieved 13 books from database
Retrieved 13 books from database
Retrieved 13 books from database
Retrieved 13 books from database
Book retrieved: Bird
Book retrieved: Bird
Retrieved 13 books from database
Book updated successfully: Birddd
Retrieved 13 books from database
Book retrieved: Birddd
Retrieved 4 books for genre: Fiction
